<?xml version="1.0"?>

<Problem>
  <Solvers>
    <CompositionalMultiphaseFVM
      name="compflow"
      logLevel="1"
      discretization="fluidTPFA"
      temperature="368.15"
      useMass="1"
      targetRegions="{ region }">
      <NonlinearSolverParameters
        newtonTol="1.0e-5"
        newtonMaxIter="100"
        maxTimeStepCuts="5"
        lineSearchAction="None"/>
      <LinearSolverParameters
        directParallel="0"/>
    </CompositionalMultiphaseFVM>
  </Solvers>

  <Mesh>
    <VTKMesh
      name="my_mesh"
      file="spe11a_structured_extruded.vtu"
      fieldsToImport="{ PORO, VOLUME }" />
  </Mesh>

  <Events
          maxTime="2e7">
    <PeriodicEvent
            name="outputs"
            timeFrequency="1e6"
            target="/Outputs/siloOutput"/>

    <PeriodicEvent
            name="solverApplications1"
            forceDt="1e4"
            endTime="1e5"
            target="/Solvers/compflow"/>

    <PeriodicEvent
            name="solverApplications2"
            forceDt="1e5"
            beginTime="1e5"
            target="/Solvers/compflow"/>

    <PeriodicEvent
            name="restarts"
            timeFrequency="1e7"
            targetExactTimestep="0"
            target="/Outputs/restartOutput"/>
  </Events>


</Problem>
